reagan bush 10900 235529
reagan clinton 13957 272826
reagan gwbush 9877 246701
reagan obama 15134 306960
bush reagan 10900 235529
bush clinton 9562 187286
bush gwbush 6658 159985
bush obama 9715 222444
clinton reagan 13957 272826
clinton bush 9562 187286
clinton gwbush 9170 197827
clinton obama 14569 257944
gwbush reagan 9877 246701
gwbush bush 6658 159985
gwbush clinton 9170 197827
gwbush obama 10809 231499
obama reagan 15134 306960
obama bush 9715 222444
obama clinton 14569 257944
obama gwbush 10809 231499